\BOOKMARK [1][-]{Doc-Start}{Introduction}{}% 1
\BOOKMARK [2][-]{section*.1}{Interspecific Variation in Sensitivity}{Doc-Start}% 2
\BOOKMARK [2][-]{section*.1}{Sensitivity Variation at Broader Levels}{Doc-Start}% 3
\BOOKMARK [2][-]{section*.1}{Reason for gap in knowledge}{Doc-Start}% 4
\BOOKMARK [2][-]{section*.1}{Research aims}{Doc-Start}% 5
\BOOKMARK [1][-]{section*.1}{Methods}{}% 6
\BOOKMARK [2][-]{section*.2}{Overview}{section*.1}% 7
\BOOKMARK [2][-]{section*.2}{Data}{section*.1}% 8
\BOOKMARK [2][-]{section*.2}{Individual Pressures}{section*.1}% 9
\BOOKMARK [2][-]{section*.2}{Data Wrangling}{section*.1}% 10
\BOOKMARK [2][-]{section*.2}{Modelling}{section*.1}% 11
\BOOKMARK [2][-]{section*.2}{Multi-pressure model}{section*.1}% 12
\BOOKMARK [2][-]{section*.2}{Data Wrangling}{section*.1}% 13
\BOOKMARK [2][-]{section*.2}{Modelling}{section*.1}% 14
\BOOKMARK [2][-]{section*.2}{Benchmark data}{section*.1}% 15
\BOOKMARK [1][-]{section*.2}{Results}{}% 16
\BOOKMARK [2][-]{section*.3}{Climate Model}{section*.2}% 17
\BOOKMARK [2][-]{figure.2}{Pollution Model}{section*.2}% 18
\BOOKMARK [2][-]{figure.3}{Land Use Model}{section*.2}% 19
\BOOKMARK [2][-]{figure.4}{Invasive Species Model}{section*.2}% 20
\BOOKMARK [1][-]{figure.5}{Discussion}{}% 21
\BOOKMARK [2][-]{section*.4}{Importance of Findings}{figure.5}% 22
\BOOKMARK [1][-]{section*.4}{Conclusion}{}% 23
\BOOKMARK [1][-]{section*.4}{Data and Code Availability}{}% 24
\BOOKMARK [1][-]{section*.4}{Acknowledgements}{}% 25
